<?xml version="1.0" encoding="UTF-8"?>
<coverage generated="1551302878938" clover="3.2.0">
  <project timestamp="1551302878938" name="All files">
    <metrics statements="112" coveredstatements="68" conditionals="97" coveredconditionals="60" methods="29" coveredmethods="14" elements="238" coveredelements="142" complexity="0" loc="112" ncloc="112" packages="7" files="9" classes="9">
      <package name="src">
        <metrics statements="45" coveredstatements="1" conditionals="32" coveredconditionals="0" methods="15" coveredmethods="0"/>
        <file name="index.js" path="C:\Dev\Interview\Avenue Code\react-tic-tac-toe\src\index.js">
          <metrics statements="6" coveredstatements="0" conditionals="0" coveredconditionals="0" methods="0" coveredmethods="0"/>
          <line num="1" count="0" type="stmt"/>
          <line num="2" count="0" type="stmt"/>
          <line num="3" count="0" type="stmt"/>
          <line num="4" count="0" type="stmt"/>
          <line num="5" count="0" type="stmt"/>
          <line num="12" count="0" type="stmt"/>
        </file>
        <file name="serviceWorker.js" path="C:\Dev\Interview\Avenue Code\react-tic-tac-toe\src\serviceWorker.js">
          <metrics statements="38" coveredstatements="0" conditionals="32" coveredconditionals="0" methods="15" coveredmethods="0"/>
          <line num="13" count="0" type="stmt"/>
          <line num="24" count="0" type="cond" truecount="0" falsecount="4"/>
          <line num="26" count="0" type="stmt"/>
          <line num="27" count="0" type="cond" truecount="0" falsecount="2"/>
          <line num="31" count="0" type="stmt"/>
          <line num="34" count="0" type="stmt"/>
          <line num="35" count="0" type="stmt"/>
          <line num="37" count="0" type="cond" truecount="0" falsecount="2"/>
          <line num="39" count="0" type="stmt"/>
          <line num="43" count="0" type="stmt"/>
          <line num="44" count="0" type="stmt"/>
          <line num="51" count="0" type="stmt"/>
          <line num="58" count="0" type="stmt"/>
          <line num="61" count="0" type="stmt"/>
          <line num="62" count="0" type="stmt"/>
          <line num="63" count="0" type="cond" truecount="0" falsecount="2"/>
          <line num="64" count="0" type="stmt"/>
          <line num="66" count="0" type="stmt"/>
          <line num="67" count="0" type="cond" truecount="0" falsecount="2"/>
          <line num="68" count="0" type="cond" truecount="0" falsecount="2"/>
          <line num="72" count="0" type="stmt"/>
          <line num="78" count="0" type="cond" truecount="0" falsecount="4"/>
          <line num="79" count="0" type="stmt"/>
          <line num="85" count="0" type="stmt"/>
          <line num="88" count="0" type="cond" truecount="0" falsecount="4"/>
          <line num="89" count="0" type="stmt"/>
          <line num="97" count="0" type="stmt"/>
          <line num="103" count="0" type="stmt"/>
          <line num="106" count="0" type="stmt"/>
          <line num="107" count="0" type="cond" truecount="0" falsecount="2"/>
          <line num="112" count="0" type="stmt"/>
          <line num="113" count="0" type="stmt"/>
          <line num="114" count="0" type="stmt"/>
          <line num="119" count="0" type="stmt"/>
          <line num="123" count="0" type="stmt"/>
          <line num="130" count="0" type="cond" truecount="0" falsecount="2"/>
          <line num="131" count="0" type="stmt"/>
          <line num="132" count="0" type="stmt"/>
        </file>
        <file name="setupTests.js" path="C:\Dev\Interview\Avenue Code\react-tic-tac-toe\src\setupTests.js">
          <metrics statements="1" coveredstatements="1" conditionals="0" coveredconditionals="0" methods="0" coveredmethods="0"/>
          <line num="4" count="5" type="stmt"/>
        </file>
      </package>
      <package name="src.components.App">
        <metrics statements="53" coveredstatements="53" conditionals="37" coveredconditionals="32" methods="8" coveredmethods="8"/>
        <file name="index.js" path="C:\Dev\Interview\Avenue Code\react-tic-tac-toe\src\components\App\index.js">
          <metrics statements="53" coveredstatements="53" conditionals="37" coveredconditionals="32" methods="8" coveredmethods="8"/>
          <line num="14" count="15" type="stmt"/>
          <line num="16" count="15" type="stmt"/>
          <line num="26" count="15" type="stmt"/>
          <line num="27" count="15" type="stmt"/>
          <line num="28" count="15" type="stmt"/>
          <line num="32" count="3" type="stmt"/>
          <line num="33" count="3" type="cond" truecount="4" falsecount="0"/>
          <line num="35" count="1" type="stmt"/>
          <line num="36" count="1" type="cond" truecount="1" falsecount="1"/>
          <line num="37" count="1" type="stmt"/>
          <line num="39" count="1" type="cond" truecount="1" falsecount="1"/>
          <line num="40" count="1" type="stmt"/>
          <line num="41" count="1" type="stmt"/>
          <line num="49" count="4" type="stmt"/>
          <line num="50" count="10" type="stmt"/>
          <line num="51" count="10" type="stmt"/>
          <line num="53" count="10" type="stmt"/>
          <line num="54" count="21" type="stmt"/>
          <line num="55" count="21" type="cond" truecount="4" falsecount="0"/>
          <line num="56" count="13" type="stmt"/>
          <line num="58" count="10" type="cond" truecount="2" falsecount="0"/>
          <line num="62" count="2" type="stmt"/>
          <line num="63" count="6" type="stmt"/>
          <line num="64" count="6" type="stmt"/>
          <line num="66" count="6" type="stmt"/>
          <line num="67" count="12" type="stmt"/>
          <line num="68" count="12" type="cond" truecount="4" falsecount="0"/>
          <line num="69" count="6" type="stmt"/>
          <line num="71" count="6" type="cond" truecount="1" falsecount="1"/>
          <line num="75" count="2" type="stmt"/>
          <line num="76" count="3" type="stmt"/>
          <line num="77" count="3" type="stmt"/>
          <line num="79" count="3" type="stmt"/>
          <line num="80" count="9" type="stmt"/>
          <line num="81" count="9" type="cond" truecount="4" falsecount="0"/>
          <line num="82" count="7" type="stmt"/>
          <line num="84" count="3" type="cond" truecount="2" falsecount="0"/>
          <line num="87" count="1" type="cond" truecount="1" falsecount="1"/>
          <line num="91" count="2" type="stmt"/>
          <line num="92" count="2" type="cond" truecount="2" falsecount="0"/>
          <line num="93" count="1" type="cond" truecount="1" falsecount="1"/>
          <line num="95" count="2" type="stmt"/>
          <line num="99" count="1" type="stmt"/>
          <line num="101" count="1" type="stmt"/>
          <line num="102" count="1" type="stmt"/>
          <line num="106" count="16" type="stmt"/>
          <line num="107" count="16" type="stmt"/>
          <line num="108" count="144" type="stmt"/>
          <line num="111" count="16" type="stmt"/>
          <line num="116" count="15" type="stmt"/>
          <line num="121" count="24" type="stmt"/>
          <line num="122" count="24" type="cond" truecount="3" falsecount="0"/>
          <line num="124" count="24" type="stmt"/>
        </file>
      </package>
      <package name="src.components.Board">
        <metrics statements="3" coveredstatements="3" conditionals="13" coveredconditionals="13" methods="2" coveredmethods="2"/>
        <file name="index.js" path="C:\Dev\Interview\Avenue Code\react-tic-tac-toe\src\components\Board\index.js">
          <metrics statements="3" coveredstatements="3" conditionals="13" coveredconditionals="13" methods="2" coveredmethods="2"/>
          <line num="10" count="29" type="stmt"/>
          <line num="11" count="29" type="stmt"/>
          <line num="14" count="187" type="cond" truecount="4" falsecount="0"/>
        </file>
      </package>
      <package name="src.components.Button">
        <metrics statements="2" coveredstatements="2" conditionals="4" coveredconditionals="4" methods="1" coveredmethods="1"/>
        <file name="index.js" path="C:\Dev\Interview\Avenue Code\react-tic-tac-toe\src\components\Button\index.js">
          <metrics statements="2" coveredstatements="2" conditionals="4" coveredconditionals="4" methods="1" coveredmethods="1"/>
          <line num="6" count="50" type="stmt"/>
          <line num="7" count="50" type="stmt"/>
        </file>
      </package>
      <package name="src.components.Cell">
        <metrics statements="3" coveredstatements="3" conditionals="7" coveredconditionals="7" methods="2" coveredmethods="2"/>
        <file name="index.js" path="C:\Dev\Interview\Avenue Code\react-tic-tac-toe\src\components\Cell\index.js">
          <metrics statements="3" coveredstatements="3" conditionals="7" coveredconditionals="7" methods="2" coveredmethods="2"/>
          <line num="10" count="191" type="stmt"/>
          <line num="11" count="191" type="stmt"/>
          <line num="13" count="1" type="stmt"/>
        </file>
      </package>
      <package name="src.components.Score">
        <metrics statements="2" coveredstatements="2" conditionals="4" coveredconditionals="4" methods="1" coveredmethods="1"/>
        <file name="index.js" path="C:\Dev\Interview\Avenue Code\react-tic-tac-toe\src\components\Score\index.js">
          <metrics statements="2" coveredstatements="2" conditionals="4" coveredconditionals="4" methods="1" coveredmethods="1"/>
          <line num="6" count="50" type="stmt"/>
          <line num="8" count="50" type="stmt"/>
        </file>
      </package>
      <package name="src.constants">
        <metrics statements="4" coveredstatements="4" conditionals="0" coveredconditionals="0" methods="0" coveredmethods="0"/>
        <file name="index.js" path="C:\Dev\Interview\Avenue Code\react-tic-tac-toe\src\constants\index.js">
          <metrics statements="4" coveredstatements="4" conditionals="0" coveredconditionals="0" methods="0" coveredmethods="0"/>
          <line num="1" count="3" type="stmt"/>
          <line num="2" count="3" type="stmt"/>
          <line num="3" count="3" type="stmt"/>
          <line num="4" count="3" type="stmt"/>
        </file>
      </package>
    </metrics>
  </project>
</coverage>
