{"C:\\Dev\\Interview\\Avenue Code\\react-tic-tac-toe\\src\\index.js": {"path":"C:\\Dev\\Interview\\Avenue Code\\react-tic-tac-toe\\src\\index.js","statementMap":{"0":{"start":{"line":1,"column":0},"end":{"line":null,"column":-1}},"1":{"start":{"line":2,"column":0},"end":{"line":null,"column":-1}},"2":{"start":{"line":3,"column":0},"end":{"line":null,"column":-1}},"3":{"start":{"line":4,"column":0},"end":{"line":null,"column":-1}},"4":{"start":{"line":5,"column":0},"end":{"line":null,"column":-1}},"5":{"start":{"line":12,"column":0},"end":{"line":null,"column":-1}}},"fnMap":{},"branchMap":{},"s":{"0":0,"1":0,"2":0,"3":0,"4":0,"5":0},"f":{},"b":{}}
,"C:\\Dev\\Interview\\Avenue Code\\react-tic-tac-toe\\src\\serviceWorker.js": {"path":"C:\\Dev\\Interview\\Avenue Code\\react-tic-tac-toe\\src\\serviceWorker.js","statementMap":{"0":{"start":{"line":13,"column":20},"end":{"line":13,"column":0}},"1":{"start":{"line":24,"column":2},"end":{"line":54,"column":3}},"2":{"start":{"line":26,"column":22},"end":{"line":26,"column":4}},"3":{"start":{"line":27,"column":4},"end":{"line":32,"column":5}},"4":{"start":{"line":31,"column":6},"end":{"line":null,"column":-1}},"5":{"start":{"line":34,"column":4},"end":{"line":null,"column":-1}},"6":{"start":{"line":35,"column":21},"end":{"line":35,"column":6}},"7":{"start":{"line":37,"column":6},"end":{"line":52,"column":7}},"8":{"start":{"line":39,"column":8},"end":{"line":37,"column":23}},"9":{"start":{"line":43,"column":8},"end":{"line":null,"column":-1}},"10":{"start":{"line":44,"column":10},"end":{"line":null,"column":-1}},"11":{"start":{"line":51,"column":8},"end":{"line":null,"column":-1}},"12":{"start":{"line":58,"column":2},"end":{"line":null,"column":-1}},"13":{"start":{"line":61,"column":6},"end":{"line":null,"column":-1}},"14":{"start":{"line":62,"column":33},"end":{"line":62,"column":8}},"15":{"start":{"line":63,"column":8},"end":{"line":65,"column":9}},"16":{"start":{"line":64,"column":10},"end":{"line":null,"column":-1}},"17":{"start":{"line":66,"column":8},"end":{"line":null,"column":-1}},"18":{"start":{"line":67,"column":10},"end":{"line":92,"column":11}},"19":{"start":{"line":68,"column":12},"end":{"line":91,"column":13}},"20":{"start":{"line":72,"column":14},"end":{"line":68,"column":52}},"21":{"start":{"line":78,"column":14},"end":{"line":80,"column":15}},"22":{"start":{"line":79,"column":16},"end":{"line":null,"column":-1}},"23":{"start":{"line":85,"column":14},"end":{"line":81,"column":19}},"24":{"start":{"line":88,"column":14},"end":{"line":90,"column":15}},"25":{"start":{"line":89,"column":16},"end":{"line":null,"column":-1}},"26":{"start":{"line":97,"column":6},"end":{"line":null,"column":-1}},"27":{"start":{"line":103,"column":2},"end":{"line":null,"column":-1}},"28":{"start":{"line":106,"column":26},"end":{"line":106,"column":6}},"29":{"start":{"line":107,"column":6},"end":{"line":120,"column":7}},"30":{"start":{"line":112,"column":8},"end":{"line":null,"column":-1}},"31":{"start":{"line":113,"column":10},"end":{"line":null,"column":-1}},"32":{"start":{"line":114,"column":12},"end":{"line":null,"column":-1}},"33":{"start":{"line":119,"column":8},"end":{"line":null,"column":-1}},"34":{"start":{"line":123,"column":6},"end":{"line":null,"column":-1}},"35":{"start":{"line":130,"column":2},"end":{"line":134,"column":3}},"36":{"start":{"line":131,"column":4},"end":{"line":null,"column":-1}},"37":{"start":{"line":132,"column":6},"end":{"line":null,"column":-1}}},"fnMap":{"0":{"name":"register","decl":{"start":{"line":23,"column":16},"end":{"line":23,"column":7}},"loc":{"start":{"line":23,"column":33},"end":{"line":55,"column":1}}},"1":{"name":"(anonymous_1)","decl":{"start":{"line":34,"column":36},"end":{"line":34,"column":41}},"loc":{"start":{"line":34,"column":42},"end":{"line":34,"column":4}}},"2":{"name":"(anonymous_2)","decl":{"start":{"line":43,"column":43},"end":{"line":43,"column":48}},"loc":{"start":{"line":43,"column":49},"end":{"line":43,"column":8}}},"3":{"name":"registerValidSW","decl":{"start":{"line":57,"column":9},"end":{"line":57,"column":0}},"loc":{"start":{"line":57,"column":40},"end":{"line":99,"column":1}}},"4":{"name":"(anonymous_4)","decl":{"start":{"line":60,"column":10},"end":{"line":60,"column":21}},"loc":{"start":{"line":60,"column":26},"end":{"line":58,"column":2}}},"5":{"name":"(anonymous_5)","decl":{"start":{"line":61,"column":35},"end":{"line":61,"column":40}},"loc":{"start":{"line":61,"column":41},"end":{"line":61,"column":6}}},"6":{"name":"(anonymous_6)","decl":{"start":{"line":66,"column":41},"end":{"line":66,"column":46}},"loc":{"start":{"line":66,"column":47},"end":{"line":66,"column":8}}},"7":{"name":"(anonymous_7)","decl":{"start":{"line":96,"column":11},"end":{"line":96,"column":15}},"loc":{"start":{"line":96,"column":20},"end":{"line":58,"column":2}}},"8":{"name":"checkValidServiceWorker","decl":{"start":{"line":101,"column":9},"end":{"line":101,"column":0}},"loc":{"start":{"line":101,"column":48},"end":{"line":127,"column":1}}},"9":{"name":"(anonymous_9)","decl":{"start":{"line":104,"column":10},"end":{"line":104,"column":17}},"loc":{"start":{"line":104,"column":22},"end":{"line":103,"column":2}}},"10":{"name":"(anonymous_10)","decl":{"start":{"line":112,"column":43},"end":{"line":112,"column":54}},"loc":{"start":{"line":112,"column":59},"end":{"line":112,"column":8}}},"11":{"name":"(anonymous_11)","decl":{"start":{"line":113,"column":41},"end":{"line":113,"column":46}},"loc":{"start":{"line":113,"column":47},"end":{"line":113,"column":10}}},"12":{"name":"(anonymous_12)","decl":{"start":{"line":122,"column":11},"end":{"line":122,"column":16}},"loc":{"start":{"line":122,"column":17},"end":{"line":103,"column":2}}},"13":{"name":"unregister","decl":{"start":{"line":129,"column":16},"end":{"line":129,"column":7}},"loc":{"start":{"line":129,"column":29},"end":{"line":135,"column":1}}},"14":{"name":"(anonymous_14)","decl":{"start":{"line":131,"column":39},"end":{"line":131,"column":50}},"loc":{"start":{"line":131,"column":55},"end":{"line":131,"column":4}}}},"branchMap":{"0":{"loc":{"start":{"line":14,"column":2},"end":{"line":14,"column":1}},"type":"binary-expr","locations":[{"start":{"line":14,"column":2},"end":{"line":14,"column":1}},{"start":{"line":16,"column":4},"end":{"line":14,"column":2}},{"start":{"line":18,"column":4},"end":{"line":13,"column":27}}]},"1":{"loc":{"start":{"line":24,"column":2},"end":{"line":54,"column":3}},"type":"if","locations":[{"start":{"line":24,"column":2},"end":{"line":54,"column":3}},{"start":{"line":24,"column":2},"end":{"line":54,"column":3}}]},"2":{"loc":{"start":{"line":24,"column":6},"end":{"line":24,"column":5}},"type":"binary-expr","locations":[{"start":{"line":24,"column":6},"end":{"line":24,"column":5}},{"start":{"line":24,"column":47},"end":{"line":24,"column":2}}]},"3":{"loc":{"start":{"line":27,"column":4},"end":{"line":32,"column":5}},"type":"if","locations":[{"start":{"line":27,"column":4},"end":{"line":32,"column":5}},{"start":{"line":27,"column":4},"end":{"line":32,"column":5}}]},"4":{"loc":{"start":{"line":37,"column":6},"end":{"line":52,"column":7}},"type":"if","locations":[{"start":{"line":37,"column":6},"end":{"line":52,"column":7}},{"start":{"line":37,"column":6},"end":{"line":52,"column":7}}]},"5":{"loc":{"start":{"line":63,"column":8},"end":{"line":65,"column":9}},"type":"if","locations":[{"start":{"line":63,"column":8},"end":{"line":65,"column":9}},{"start":{"line":63,"column":8},"end":{"line":65,"column":9}}]},"6":{"loc":{"start":{"line":67,"column":10},"end":{"line":92,"column":11}},"type":"if","locations":[{"start":{"line":67,"column":10},"end":{"line":92,"column":11}},{"start":{"line":67,"column":10},"end":{"line":92,"column":11}}]},"7":{"loc":{"start":{"line":68,"column":12},"end":{"line":91,"column":13}},"type":"if","locations":[{"start":{"line":68,"column":12},"end":{"line":91,"column":13}},{"start":{"line":68,"column":12},"end":{"line":91,"column":13}}]},"8":{"loc":{"start":{"line":78,"column":14},"end":{"line":80,"column":15}},"type":"if","locations":[{"start":{"line":78,"column":14},"end":{"line":80,"column":15}},{"start":{"line":78,"column":14},"end":{"line":80,"column":15}}]},"9":{"loc":{"start":{"line":78,"column":18},"end":{"line":78,"column":24}},"type":"binary-expr","locations":[{"start":{"line":78,"column":18},"end":{"line":78,"column":24}},{"start":{"line":78,"column":28},"end":{"line":78,"column":14}}]},"10":{"loc":{"start":{"line":88,"column":14},"end":{"line":90,"column":15}},"type":"if","locations":[{"start":{"line":88,"column":14},"end":{"line":90,"column":15}},{"start":{"line":88,"column":14},"end":{"line":90,"column":15}}]},"11":{"loc":{"start":{"line":88,"column":18},"end":{"line":88,"column":24}},"type":"binary-expr","locations":[{"start":{"line":88,"column":18},"end":{"line":88,"column":24}},{"start":{"line":88,"column":28},"end":{"line":88,"column":14}}]},"12":{"loc":{"start":{"line":107,"column":6},"end":{"line":120,"column":7}},"type":"if","locations":[{"start":{"line":107,"column":6},"end":{"line":120,"column":7}},{"start":{"line":107,"column":6},"end":{"line":120,"column":7}}]},"13":{"loc":{"start":{"line":108,"column":8},"end":{"line":108,"column":7}},"type":"binary-expr","locations":[{"start":{"line":108,"column":8},"end":{"line":108,"column":7}},{"start":{"line":109,"column":9},"end":{"line":109,"column":8}},{"start":{"line":109,"column":32},"end":{"line":107,"column":6}}]},"14":{"loc":{"start":{"line":130,"column":2},"end":{"line":134,"column":3}},"type":"if","locations":[{"start":{"line":130,"column":2},"end":{"line":134,"column":3}},{"start":{"line":130,"column":2},"end":{"line":134,"column":3}}]}},"s":{"0":0,"1":0,"2":0,"3":0,"4":0,"5":0,"6":0,"7":0,"8":0,"9":0,"10":0,"11":0,"12":0,"13":0,"14":0,"15":0,"16":0,"17":0,"18":0,"19":0,"20":0,"21":0,"22":0,"23":0,"24":0,"25":0,"26":0,"27":0,"28":0,"29":0,"30":0,"31":0,"32":0,"33":0,"34":0,"35":0,"36":0,"37":0},"f":{"0":0,"1":0,"2":0,"3":0,"4":0,"5":0,"6":0,"7":0,"8":0,"9":0,"10":0,"11":0,"12":0,"13":0,"14":0},"b":{"0":[0,0,0],"1":[0,0],"2":[0,0],"3":[0,0],"4":[0,0],"5":[0,0],"6":[0,0],"7":[0,0],"8":[0,0],"9":[0,0],"10":[0,0],"11":[0,0],"12":[0,0],"13":[0,0,0],"14":[0,0]}}
,"C:\\Dev\\Interview\\Avenue Code\\react-tic-tac-toe\\src\\setupTests.js": {"path":"C:\\Dev\\Interview\\Avenue Code\\react-tic-tac-toe\\src\\setupTests.js","statementMap":{"0":{"start":{"line":4,"column":0},"end":{"line":4,"column":38}}},"fnMap":{},"branchMap":{},"s":{"0":5},"f":{},"b":{},"_coverageSchema":"332fd63041d2c1bcb487cc26dd0d5f7d97098a6c","hash":"5f083dcbdf6c1a4c77a25aaeb03895076ff2ce9f"}
,"C:\\Dev\\Interview\\Avenue Code\\react-tic-tac-toe\\src\\components\\App\\index.js": {"path":"C:\\Dev\\Interview\\Avenue Code\\react-tic-tac-toe\\src\\components\\App\\index.js","statementMap":{"0":{"start":{"line":14,"column":4},"end":{"line":14,"column":17}},"1":{"start":{"line":16,"column":4},"end":{"line":24,"column":5}},"2":{"start":{"line":26,"column":4},"end":{"line":26,"column":37}},"3":{"start":{"line":27,"column":4},"end":{"line":27,"column":43}},"4":{"start":{"line":28,"column":4},"end":{"line":28,"column":45}},"5":{"start":{"line":32,"column":49},"end":{"line":32,"column":59}},"6":{"start":{"line":33,"column":4},"end":{"line":33,"column":58}},"7":{"start":{"line":33,"column":51},"end":{"line":33,"column":58}},"8":{"start":{"line":35,"column":4},"end":{"line":35,"column":22}},"9":{"start":{"line":36,"column":4},"end":{"line":36,"column":47}},"10":{"start":{"line":37,"column":4},"end":{"line":37,"column":61}},"11":{"start":{"line":39,"column":4},"end":{"line":42,"column":5}},"12":{"start":{"line":40,"column":40},"end":{"line":40,"column":95}},"13":{"start":{"line":41,"column":6},"end":{"line":41,"column":45}},"14":{"start":{"line":49,"column":4},"end":{"line":59,"column":5}},"15":{"start":{"line":50,"column":22},"end":{"line":50,"column":33}},"16":{"start":{"line":51,"column":6},"end":{"line":51,"column":24}},"17":{"start":{"line":53,"column":6},"end":{"line":57,"column":7}},"18":{"start":{"line":54,"column":22},"end":{"line":54,"column":31}},"19":{"start":{"line":55,"column":8},"end":{"line":55,"column":68}},"20":{"start":{"line":55,"column":62},"end":{"line":55,"column":68}},"21":{"start":{"line":56,"column":8},"end":{"line":56,"column":30}},"22":{"start":{"line":58,"column":6},"end":{"line":58,"column":52}},"23":{"start":{"line":58,"column":19},"end":{"line":58,"column":52}},"24":{"start":{"line":62,"column":4},"end":{"line":72,"column":5}},"25":{"start":{"line":63,"column":22},"end":{"line":63,"column":29}},"26":{"start":{"line":64,"column":6},"end":{"line":64,"column":24}},"27":{"start":{"line":66,"column":6},"end":{"line":70,"column":7}},"28":{"start":{"line":67,"column":22},"end":{"line":67,"column":31}},"29":{"start":{"line":68,"column":8},"end":{"line":68,"column":68}},"30":{"start":{"line":68,"column":62},"end":{"line":68,"column":68}},"31":{"start":{"line":69,"column":8},"end":{"line":69,"column":30}},"32":{"start":{"line":71,"column":6},"end":{"line":71,"column":52}},"33":{"start":{"line":71,"column":19},"end":{"line":71,"column":52}},"34":{"start":{"line":75,"column":4},"end":{"line":85,"column":5}},"35":{"start":{"line":76,"column":22},"end":{"line":76,"column":33}},"36":{"start":{"line":77,"column":6},"end":{"line":77,"column":24}},"37":{"start":{"line":79,"column":6},"end":{"line":83,"column":7}},"38":{"start":{"line":80,"column":22},"end":{"line":80,"column":45}},"39":{"start":{"line":81,"column":8},"end":{"line":81,"column":68}},"40":{"start":{"line":81,"column":62},"end":{"line":81,"column":68}},"41":{"start":{"line":82,"column":8},"end":{"line":82,"column":30}},"42":{"start":{"line":84,"column":6},"end":{"line":84,"column":52}},"43":{"start":{"line":84,"column":19},"end":{"line":84,"column":52}},"44":{"start":{"line":87,"column":4},"end":{"line":87,"column":76}},"45":{"start":{"line":91,"column":29},"end":{"line":91,"column":39}},"46":{"start":{"line":92,"column":4},"end":{"line":93,"column":42}},"47":{"start":{"line":92,"column":27},"end":{"line":92,"column":36}},"48":{"start":{"line":93,"column":9},"end":{"line":93,"column":42}},"49":{"start":{"line":93,"column":33},"end":{"line":93,"column":42}},"50":{"start":{"line":95,"column":4},"end":{"line":95,"column":68}},"51":{"start":{"line":99,"column":41},"end":{"line":99,"column":51}},"52":{"start":{"line":101,"column":4},"end":{"line":101,"column":30}},"53":{"start":{"line":102,"column":4},"end":{"line":102,"column":61}},"54":{"start":{"line":106,"column":14},"end":{"line":106,"column":26}},"55":{"start":{"line":107,"column":4},"end":{"line":109,"column":5}},"56":{"start":{"line":108,"column":6},"end":{"line":108,"column":21}},"57":{"start":{"line":111,"column":4},"end":{"line":111,"column":95}},"58":{"start":{"line":116,"column":4},"end":{"line":116,"column":19}},"59":{"start":{"line":121,"column":30},"end":{"line":121,"column":40}},"60":{"start":{"line":122,"column":19},"end":{"line":122,"column":79}},"61":{"start":{"line":124,"column":4},"end":{"line":138,"column":6}}},"fnMap":{"0":{"name":"(anonymous_0)","decl":{"start":{"line":13,"column":2},"end":{"line":13,"column":3}},"loc":{"start":{"line":13,"column":21},"end":{"line":29,"column":3}},"line":13},"1":{"name":"(anonymous_1)","decl":{"start":{"line":31,"column":2},"end":{"line":31,"column":3}},"loc":{"start":{"line":31,"column":18},"end":{"line":43,"column":3}},"line":31},"2":{"name":"(anonymous_2)","decl":{"start":{"line":45,"column":2},"end":{"line":45,"column":3}},"loc":{"start":{"line":45,"column":31},"end":{"line":88,"column":3}},"line":45},"3":{"name":"(anonymous_3)","decl":{"start":{"line":90,"column":2},"end":{"line":90,"column":3}},"loc":{"start":{"line":90,"column":36},"end":{"line":96,"column":3}},"line":90},"4":{"name":"(anonymous_4)","decl":{"start":{"line":98,"column":2},"end":{"line":98,"column":3}},"loc":{"start":{"line":98,"column":9},"end":{"line":103,"column":3}},"line":98},"5":{"name":"(anonymous_5)","decl":{"start":{"line":105,"column":2},"end":{"line":105,"column":3}},"loc":{"start":{"line":105,"column":12},"end":{"line":112,"column":3}},"line":105},"6":{"name":"(anonymous_6)","decl":{"start":{"line":115,"column":2},"end":{"line":115,"column":3}},"loc":{"start":{"line":115,"column":23},"end":{"line":117,"column":3}},"line":115},"7":{"name":"(anonymous_7)","decl":{"start":{"line":119,"column":2},"end":{"line":119,"column":3}},"loc":{"start":{"line":119,"column":11},"end":{"line":139,"column":3}},"line":119}},"branchMap":{"0":{"loc":{"start":{"line":33,"column":4},"end":{"line":33,"column":58}},"type":"if","locations":[{"start":{"line":33,"column":4},"end":{"line":33,"column":58}},{"start":{"line":33,"column":4},"end":{"line":33,"column":58}}],"line":33},"1":{"loc":{"start":{"line":33,"column":8},"end":{"line":33,"column":49}},"type":"binary-expr","locations":[{"start":{"line":33,"column":8},"end":{"line":33,"column":24}},{"start":{"line":33,"column":28},"end":{"line":33,"column":49}}],"line":33},"2":{"loc":{"start":{"line":36,"column":18},"end":{"line":36,"column":46}},"type":"cond-expr","locations":[{"start":{"line":36,"column":32},"end":{"line":36,"column":37}},{"start":{"line":36,"column":40},"end":{"line":36,"column":46}}],"line":36},"3":{"loc":{"start":{"line":39,"column":4},"end":{"line":42,"column":5}},"type":"if","locations":[{"start":{"line":39,"column":4},"end":{"line":42,"column":5}},{"start":{"line":39,"column":4},"end":{"line":42,"column":5}}],"line":39},"4":{"loc":{"start":{"line":55,"column":8},"end":{"line":55,"column":68}},"type":"if","locations":[{"start":{"line":55,"column":8},"end":{"line":55,"column":68}},{"start":{"line":55,"column":8},"end":{"line":55,"column":68}}],"line":55},"5":{"loc":{"start":{"line":55,"column":12},"end":{"line":55,"column":60}},"type":"binary-expr","locations":[{"start":{"line":55,"column":12},"end":{"line":55,"column":33}},{"start":{"line":55,"column":37},"end":{"line":55,"column":60}}],"line":55},"6":{"loc":{"start":{"line":58,"column":6},"end":{"line":58,"column":52}},"type":"if","locations":[{"start":{"line":58,"column":6},"end":{"line":58,"column":52}},{"start":{"line":58,"column":6},"end":{"line":58,"column":52}}],"line":58},"7":{"loc":{"start":{"line":68,"column":8},"end":{"line":68,"column":68}},"type":"if","locations":[{"start":{"line":68,"column":8},"end":{"line":68,"column":68}},{"start":{"line":68,"column":8},"end":{"line":68,"column":68}}],"line":68},"8":{"loc":{"start":{"line":68,"column":12},"end":{"line":68,"column":60}},"type":"binary-expr","locations":[{"start":{"line":68,"column":12},"end":{"line":68,"column":33}},{"start":{"line":68,"column":37},"end":{"line":68,"column":60}}],"line":68},"9":{"loc":{"start":{"line":71,"column":6},"end":{"line":71,"column":52}},"type":"if","locations":[{"start":{"line":71,"column":6},"end":{"line":71,"column":52}},{"start":{"line":71,"column":6},"end":{"line":71,"column":52}}],"line":71},"10":{"loc":{"start":{"line":81,"column":8},"end":{"line":81,"column":68}},"type":"if","locations":[{"start":{"line":81,"column":8},"end":{"line":81,"column":68}},{"start":{"line":81,"column":8},"end":{"line":81,"column":68}}],"line":81},"11":{"loc":{"start":{"line":81,"column":12},"end":{"line":81,"column":60}},"type":"binary-expr","locations":[{"start":{"line":81,"column":12},"end":{"line":81,"column":33}},{"start":{"line":81,"column":37},"end":{"line":81,"column":60}}],"line":81},"12":{"loc":{"start":{"line":84,"column":6},"end":{"line":84,"column":52}},"type":"if","locations":[{"start":{"line":84,"column":6},"end":{"line":84,"column":52}},{"start":{"line":84,"column":6},"end":{"line":84,"column":52}}],"line":84},"13":{"loc":{"start":{"line":87,"column":22},"end":{"line":87,"column":55}},"type":"cond-expr","locations":[{"start":{"line":87,"column":43},"end":{"line":87,"column":47}},{"start":{"line":87,"column":50},"end":{"line":87,"column":55}}],"line":87},"14":{"loc":{"start":{"line":92,"column":4},"end":{"line":93,"column":42}},"type":"if","locations":[{"start":{"line":92,"column":4},"end":{"line":93,"column":42}},{"start":{"line":92,"column":4},"end":{"line":93,"column":42}}],"line":92},"15":{"loc":{"start":{"line":93,"column":9},"end":{"line":93,"column":42}},"type":"if","locations":[{"start":{"line":93,"column":9},"end":{"line":93,"column":42}},{"start":{"line":93,"column":9},"end":{"line":93,"column":42}}],"line":93},"16":{"loc":{"start":{"line":122,"column":19},"end":{"line":122,"column":79}},"type":"binary-expr","locations":[{"start":{"line":122,"column":19},"end":{"line":122,"column":37}},{"start":{"line":122,"column":41},"end":{"line":122,"column":59}},{"start":{"line":122,"column":63},"end":{"line":122,"column":79}}],"line":122},"17":{"loc":{"start":{"line":133,"column":41},"end":{"line":133,"column":66}},"type":"cond-expr","locations":[{"start":{"line":133,"column":50},"end":{"line":133,"column":59}},{"start":{"line":133,"column":62},"end":{"line":133,"column":66}}],"line":133}},"s":{"0":15,"1":15,"2":15,"3":15,"4":15,"5":3,"6":3,"7":2,"8":1,"9":1,"10":1,"11":1,"12":1,"13":1,"14":4,"15":10,"16":10,"17":10,"18":21,"19":21,"20":8,"21":13,"22":10,"23":2,"24":2,"25":6,"26":6,"27":6,"28":12,"29":12,"30":6,"31":6,"32":6,"33":0,"34":2,"35":3,"36":3,"37":3,"38":9,"39":9,"40":2,"41":7,"42":3,"43":1,"44":1,"45":2,"46":2,"47":1,"48":1,"49":0,"50":2,"51":1,"52":1,"53":1,"54":16,"55":16,"56":144,"57":16,"58":15,"59":24,"60":24,"61":24},"f":{"0":15,"1":3,"2":4,"3":2,"4":1,"5":16,"6":15,"7":24},"b":{"0":[2,1],"1":[3,2],"2":[1,0],"3":[1,0],"4":[8,13],"5":[21,19],"6":[2,8],"7":[6,6],"8":[12,11],"9":[0,6],"10":[2,7],"11":[9,9],"12":[1,2],"13":[1,0],"14":[1,1],"15":[0,1],"16":[24,7,7],"17":[5,19]},"_coverageSchema":"332fd63041d2c1bcb487cc26dd0d5f7d97098a6c","hash":"56e641d659d3a789afcc01daec2bc45b9444c972"}
,"C:\\Dev\\Interview\\Avenue Code\\react-tic-tac-toe\\src\\components\\Board\\index.js": {"path":"C:\\Dev\\Interview\\Avenue Code\\react-tic-tac-toe\\src\\components\\Board\\index.js","statementMap":{"0":{"start":{"line":10,"column":56},"end":{"line":10,"column":66}},"1":{"start":{"line":11,"column":8},"end":{"line":23,"column":10}},"2":{"start":{"line":14,"column":55},"end":{"line":14,"column":173}}},"fnMap":{"0":{"name":"(anonymous_0)","decl":{"start":{"line":9,"column":4},"end":{"line":9,"column":5}},"loc":{"start":{"line":9,"column":13},"end":{"line":24,"column":5}},"line":9},"1":{"name":"(anonymous_1)","decl":{"start":{"line":14,"column":38},"end":{"line":14,"column":39}},"loc":{"start":{"line":14,"column":55},"end":{"line":14,"column":173}},"line":14}},"branchMap":{"0":{"loc":{"start":{"line":14,"column":21},"end":{"line":14,"column":174}},"type":"binary-expr","locations":[{"start":{"line":14,"column":21},"end":{"line":14,"column":25}},{"start":{"line":14,"column":29},"end":{"line":14,"column":174}}],"line":14},"1":{"loc":{"start":{"line":14,"column":125},"end":{"line":14,"column":169}},"type":"binary-expr","locations":[{"start":{"line":14,"column":125},"end":{"line":14,"column":137}},{"start":{"line":14,"column":141},"end":{"line":14,"column":169}}],"line":14},"2":{"loc":{"start":{"line":15,"column":21},"end":{"line":20,"column":26}},"type":"binary-expr","locations":[{"start":{"line":15,"column":21},"end":{"line":15,"column":41}},{"start":{"line":15,"column":45},"end":{"line":15,"column":61}},{"start":{"line":15,"column":65},"end":{"line":20,"column":26}}],"line":15},"3":{"loc":{"start":{"line":17,"column":58},"end":{"line":17,"column":93}},"type":"cond-expr","locations":[{"start":{"line":17,"column":76},"end":{"line":17,"column":82}},{"start":{"line":17,"column":85},"end":{"line":17,"column":93}}],"line":17},"4":{"loc":{"start":{"line":18,"column":29},"end":{"line":18,"column":131}},"type":"binary-expr","locations":[{"start":{"line":18,"column":29},"end":{"line":18,"column":44}},{"start":{"line":18,"column":48},"end":{"line":18,"column":131}}],"line":18},"5":{"loc":{"start":{"line":18,"column":58},"end":{"line":18,"column":91}},"type":"cond-expr","locations":[{"start":{"line":18,"column":77},"end":{"line":18,"column":82}},{"start":{"line":18,"column":85},"end":{"line":18,"column":91}}],"line":18}},"s":{"0":29,"1":29,"2":187},"f":{"0":29,"1":187},"b":{"0":[29,25],"1":[187,5],"2":[29,25,5],"3":[1,4],"4":[5,4],"5":[3,1]},"_coverageSchema":"332fd63041d2c1bcb487cc26dd0d5f7d97098a6c","hash":"61b41a6d886bfbf91c59eec32f1886100125ae69"}
,"C:\\Dev\\Interview\\Avenue Code\\react-tic-tac-toe\\src\\components\\Button\\index.js": {"path":"C:\\Dev\\Interview\\Avenue Code\\react-tic-tac-toe\\src\\components\\Button\\index.js","statementMap":{"0":{"start":{"line":6,"column":34},"end":{"line":6,"column":44}},"1":{"start":{"line":7,"column":8},"end":{"line":13,"column":10}}},"fnMap":{"0":{"name":"(anonymous_0)","decl":{"start":{"line":5,"column":4},"end":{"line":5,"column":5}},"loc":{"start":{"line":5,"column":13},"end":{"line":14,"column":5}},"line":5}},"branchMap":{"0":{"loc":{"start":{"line":9,"column":42},"end":{"line":9,"column":94}},"type":"cond-expr","locations":[{"start":{"line":9,"column":52},"end":{"line":9,"column":72}},{"start":{"line":9,"column":75},"end":{"line":9,"column":94}}],"line":9},"1":{"loc":{"start":{"line":9,"column":104},"end":{"line":9,"column":135}},"type":"cond-expr","locations":[{"start":{"line":9,"column":114},"end":{"line":9,"column":123}},{"start":{"line":9,"column":126},"end":{"line":9,"column":135}}],"line":9}},"s":{"0":50,"1":50},"f":{"0":50},"b":{"0":[29,21],"1":[29,21]},"_coverageSchema":"332fd63041d2c1bcb487cc26dd0d5f7d97098a6c","hash":"bd0ab79646192049ac882922fd8f3d640644580a"}
,"C:\\Dev\\Interview\\Avenue Code\\react-tic-tac-toe\\src\\components\\Cell\\index.js": {"path":"C:\\Dev\\Interview\\Avenue Code\\react-tic-tac-toe\\src\\components\\Cell\\index.js","statementMap":{"0":{"start":{"line":10,"column":49},"end":{"line":10,"column":59}},"1":{"start":{"line":11,"column":8},"end":{"line":19,"column":10}},"2":{"start":{"line":13,"column":31},"end":{"line":13,"column":45}}},"fnMap":{"0":{"name":"(anonymous_0)","decl":{"start":{"line":8,"column":4},"end":{"line":8,"column":5}},"loc":{"start":{"line":8,"column":13},"end":{"line":20,"column":5}},"line":8},"1":{"name":"(anonymous_1)","decl":{"start":{"line":13,"column":25},"end":{"line":13,"column":26}},"loc":{"start":{"line":13,"column":31},"end":{"line":13,"column":45}},"line":13}},"branchMap":{"0":{"loc":{"start":{"line":14,"column":42},"end":{"line":14,"column":88}},"type":"cond-expr","locations":[{"start":{"line":14,"column":51},"end":{"line":14,"column":68}},{"start":{"line":14,"column":71},"end":{"line":14,"column":88}}],"line":14},"1":{"loc":{"start":{"line":15,"column":17},"end":{"line":17,"column":92}},"type":"binary-expr","locations":[{"start":{"line":15,"column":17},"end":{"line":15,"column":35}},{"start":{"line":15,"column":39},"end":{"line":15,"column":53}},{"start":{"line":15,"column":58},"end":{"line":17,"column":91}}],"line":15},"2":{"loc":{"start":{"line":15,"column":58},"end":{"line":17,"column":91}},"type":"cond-expr","locations":[{"start":{"line":16,"column":20},"end":{"line":16,"column":92}},{"start":{"line":17,"column":20},"end":{"line":17,"column":91}}],"line":15}},"s":{"0":191,"1":191,"2":1},"f":{"0":191,"1":1},"b":{"0":[1,190],"1":[191,187,24],"2":[8,16]},"_coverageSchema":"332fd63041d2c1bcb487cc26dd0d5f7d97098a6c","hash":"aa285396e663c166ea8a7ab4b8bb25513fb81918"}
,"C:\\Dev\\Interview\\Avenue Code\\react-tic-tac-toe\\src\\components\\Score\\index.js": {"path":"C:\\Dev\\Interview\\Avenue Code\\react-tic-tac-toe\\src\\components\\Score\\index.js","statementMap":{"0":{"start":{"line":6,"column":40},"end":{"line":6,"column":50}},"1":{"start":{"line":8,"column":8},"end":{"line":13,"column":10}}},"fnMap":{"0":{"name":"(anonymous_0)","decl":{"start":{"line":5,"column":4},"end":{"line":5,"column":5}},"loc":{"start":{"line":5,"column":13},"end":{"line":14,"column":5}},"line":5}},"branchMap":{"0":{"loc":{"start":{"line":9,"column":61},"end":{"line":9,"column":109}},"type":"cond-expr","locations":[{"start":{"line":9,"column":70},"end":{"line":9,"column":88}},{"start":{"line":9,"column":91},"end":{"line":9,"column":109}}],"line":9},"1":{"loc":{"start":{"line":11,"column":27},"end":{"line":11,"column":44}},"type":"cond-expr","locations":[{"start":{"line":11,"column":35},"end":{"line":11,"column":40}},{"start":{"line":11,"column":43},"end":{"line":11,"column":44}}],"line":11}},"s":{"0":50,"1":50},"f":{"0":50},"b":{"0":[24,26],"1":[2,48]},"_coverageSchema":"332fd63041d2c1bcb487cc26dd0d5f7d97098a6c","hash":"4af20e7072b245599447c3dfb2be822ad9916a80"}
,"C:\\Dev\\Interview\\Avenue Code\\react-tic-tac-toe\\src\\constants\\index.js": {"path":"C:\\Dev\\Interview\\Avenue Code\\react-tic-tac-toe\\src\\constants\\index.js","statementMap":{"0":{"start":{"line":1,"column":21},"end":{"line":1,"column":23}},"1":{"start":{"line":2,"column":22},"end":{"line":2,"column":23}},"2":{"start":{"line":3,"column":21},"end":{"line":3,"column":22}},"3":{"start":{"line":4,"column":20},"end":{"line":4,"column":21}}},"fnMap":{},"branchMap":{},"s":{"0":3,"1":3,"2":3,"3":3},"f":{},"b":{},"_coverageSchema":"332fd63041d2c1bcb487cc26dd0d5f7d97098a6c","hash":"4cbdbacd63cb541f7670c2d7df12eb90c1f75d7f"}
}
