TN:
SF:C:\Dev\Interview\Avenue Code\react-tic-tac-toe\src\index.js
FNF:0
FNH:0
DA:1,0
DA:2,0
DA:3,0
DA:4,0
DA:5,0
DA:12,0
LF:6
LH:0
BRF:0
BRH:0
end_of_record
TN:
SF:C:\Dev\Interview\Avenue Code\react-tic-tac-toe\src\serviceWorker.js
FN:23,register
FN:34,(anonymous_1)
FN:43,(anonymous_2)
FN:57,registerValidSW
FN:60,(anonymous_4)
FN:61,(anonymous_5)
FN:66,(anonymous_6)
FN:96,(anonymous_7)
FN:101,checkValidServiceWorker
FN:104,(anonymous_9)
FN:112,(anonymous_10)
FN:113,(anonymous_11)
FN:122,(anonymous_12)
FN:129,unregister
FN:131,(anonymous_14)
FNF:15
FNH:0
FNDA:0,register
FNDA:0,(anonymous_1)
FNDA:0,(anonymous_2)
FNDA:0,registerValidSW
FNDA:0,(anonymous_4)
FNDA:0,(anonymous_5)
FNDA:0,(anonymous_6)
FNDA:0,(anonymous_7)
FNDA:0,checkValidServiceWorker
FNDA:0,(anonymous_9)
FNDA:0,(anonymous_10)
FNDA:0,(anonymous_11)
FNDA:0,(anonymous_12)
FNDA:0,unregister
FNDA:0,(anonymous_14)
DA:13,0
DA:24,0
DA:26,0
DA:27,0
DA:31,0
DA:34,0
DA:35,0
DA:37,0
DA:39,0
DA:43,0
DA:44,0
DA:51,0
DA:58,0
DA:61,0
DA:62,0
DA:63,0
DA:64,0
DA:66,0
DA:67,0
DA:68,0
DA:72,0
DA:78,0
DA:79,0
DA:85,0
DA:88,0
DA:89,0
DA:97,0
DA:103,0
DA:106,0
DA:107,0
DA:112,0
DA:113,0
DA:114,0
DA:119,0
DA:123,0
DA:130,0
DA:131,0
DA:132,0
LF:38
LH:0
BRDA:14,0,0,0
BRDA:14,0,1,0
BRDA:14,0,2,0
BRDA:24,1,0,0
BRDA:24,1,1,0
BRDA:24,2,0,0
BRDA:24,2,1,0
BRDA:27,3,0,0
BRDA:27,3,1,0
BRDA:37,4,0,0
BRDA:37,4,1,0
BRDA:63,5,0,0
BRDA:63,5,1,0
BRDA:67,6,0,0
BRDA:67,6,1,0
BRDA:68,7,0,0
BRDA:68,7,1,0
BRDA:78,8,0,0
BRDA:78,8,1,0
BRDA:78,9,0,0
BRDA:78,9,1,0
BRDA:88,10,0,0
BRDA:88,10,1,0
BRDA:88,11,0,0
BRDA:88,11,1,0
BRDA:107,12,0,0
BRDA:107,12,1,0
BRDA:108,13,0,0
BRDA:108,13,1,0
BRDA:108,13,2,0
BRDA:130,14,0,0
BRDA:130,14,1,0
BRF:32
BRH:0
end_of_record
TN:
SF:C:\Dev\Interview\Avenue Code\react-tic-tac-toe\src\setupTests.js
FNF:0
FNH:0
DA:4,5
LF:1
LH:1
BRF:0
BRH:0
end_of_record
TN:
SF:C:\Dev\Interview\Avenue Code\react-tic-tac-toe\src\components\App\index.js
FN:13,(anonymous_0)
FN:31,(anonymous_1)
FN:45,(anonymous_2)
FN:90,(anonymous_3)
FN:98,(anonymous_4)
FN:105,(anonymous_5)
FN:115,(anonymous_6)
FN:119,(anonymous_7)
FNF:8
FNH:8
FNDA:15,(anonymous_0)
FNDA:3,(anonymous_1)
FNDA:4,(anonymous_2)
FNDA:2,(anonymous_3)
FNDA:1,(anonymous_4)
FNDA:16,(anonymous_5)
FNDA:15,(anonymous_6)
FNDA:24,(anonymous_7)
DA:14,15
DA:16,15
DA:26,15
DA:27,15
DA:28,15
DA:32,3
DA:33,3
DA:35,1
DA:36,1
DA:37,1
DA:39,1
DA:40,1
DA:41,1
DA:49,4
DA:50,10
DA:51,10
DA:53,10
DA:54,21
DA:55,21
DA:56,13
DA:58,10
DA:62,2
DA:63,6
DA:64,6
DA:66,6
DA:67,12
DA:68,12
DA:69,6
DA:71,6
DA:75,2
DA:76,3
DA:77,3
DA:79,3
DA:80,9
DA:81,9
DA:82,7
DA:84,3
DA:87,1
DA:91,2
DA:92,2
DA:93,1
DA:95,2
DA:99,1
DA:101,1
DA:102,1
DA:106,16
DA:107,16
DA:108,144
DA:111,16
DA:116,15
DA:121,24
DA:122,24
DA:124,24
LF:53
LH:53
BRDA:33,0,0,2
BRDA:33,0,1,1
BRDA:33,1,0,3
BRDA:33,1,1,2
BRDA:36,2,0,1
BRDA:36,2,1,0
BRDA:39,3,0,1
BRDA:39,3,1,0
BRDA:55,4,0,8
BRDA:55,4,1,13
BRDA:55,5,0,21
BRDA:55,5,1,19
BRDA:58,6,0,2
BRDA:58,6,1,8
BRDA:68,7,0,6
BRDA:68,7,1,6
BRDA:68,8,0,12
BRDA:68,8,1,11
BRDA:71,9,0,0
BRDA:71,9,1,6
BRDA:81,10,0,2
BRDA:81,10,1,7
BRDA:81,11,0,9
BRDA:81,11,1,9
BRDA:84,12,0,1
BRDA:84,12,1,2
BRDA:87,13,0,1
BRDA:87,13,1,0
BRDA:92,14,0,1
BRDA:92,14,1,1
BRDA:93,15,0,0
BRDA:93,15,1,1
BRDA:122,16,0,24
BRDA:122,16,1,7
BRDA:122,16,2,7
BRDA:133,17,0,5
BRDA:133,17,1,19
BRF:37
BRH:32
end_of_record
TN:
SF:C:\Dev\Interview\Avenue Code\react-tic-tac-toe\src\components\Board\index.js
FN:9,(anonymous_0)
FN:14,(anonymous_1)
FNF:2
FNH:2
FNDA:29,(anonymous_0)
FNDA:187,(anonymous_1)
DA:10,29
DA:11,29
DA:14,187
LF:3
LH:3
BRDA:14,0,0,29
BRDA:14,0,1,25
BRDA:14,1,0,187
BRDA:14,1,1,5
BRDA:15,2,0,29
BRDA:15,2,1,25
BRDA:15,2,2,5
BRDA:17,3,0,1
BRDA:17,3,1,4
BRDA:18,4,0,5
BRDA:18,4,1,4
BRDA:18,5,0,3
BRDA:18,5,1,1
BRF:13
BRH:13
end_of_record
TN:
SF:C:\Dev\Interview\Avenue Code\react-tic-tac-toe\src\components\Button\index.js
FN:5,(anonymous_0)
FNF:1
FNH:1
FNDA:50,(anonymous_0)
DA:6,50
DA:7,50
LF:2
LH:2
BRDA:9,0,0,29
BRDA:9,0,1,21
BRDA:9,1,0,29
BRDA:9,1,1,21
BRF:4
BRH:4
end_of_record
TN:
SF:C:\Dev\Interview\Avenue Code\react-tic-tac-toe\src\components\Cell\index.js
FN:8,(anonymous_0)
FN:13,(anonymous_1)
FNF:2
FNH:2
FNDA:191,(anonymous_0)
FNDA:1,(anonymous_1)
DA:10,191
DA:11,191
DA:13,1
LF:3
LH:3
BRDA:14,0,0,1
BRDA:14,0,1,190
BRDA:15,1,0,191
BRDA:15,1,1,187
BRDA:15,1,2,24
BRDA:15,2,0,8
BRDA:15,2,1,16
BRF:7
BRH:7
end_of_record
TN:
SF:C:\Dev\Interview\Avenue Code\react-tic-tac-toe\src\components\Score\index.js
FN:5,(anonymous_0)
FNF:1
FNH:1
FNDA:50,(anonymous_0)
DA:6,50
DA:8,50
LF:2
LH:2
BRDA:9,0,0,24
BRDA:9,0,1,26
BRDA:11,1,0,2
BRDA:11,1,1,48
BRF:4
BRH:4
end_of_record
TN:
SF:C:\Dev\Interview\Avenue Code\react-tic-tac-toe\src\constants\index.js
FNF:0
FNH:0
DA:1,3
DA:2,3
DA:3,3
DA:4,3
LF:4
LH:4
BRF:0
BRH:0
end_of_record
